[0628/120415.044:ERROR:process_memory_win.cc(73)] ReadMemory at 0x7ff622db0000 of 64 bytes failed: Somente uma parte de um pedido ReadProcessMemory ou WriteProcessMemory foi concluída. (0x12B)
[0628/120415.278:WARNING:pe_image_reader.cc(340)] could not read dos header from C:\Program Files (x86)\Google\Chrome\Application\chrome.exe
[0628/120415.278:ERROR:process_memory_win.cc(73)] ReadMemory at 0x7ffeca9e0000 of 64 bytes failed: Somente uma parte de um pedido ReadProcessMemory ou WriteProcessMemory foi concluída. (0x12B)
[0628/120415.278:WARNING:pe_image_reader.cc(340)] could not read dos header from C:\WINDOWS\SYSTEM32\ntdll.dll
[0628/120415.278:ERROR:process_memory_win.cc(73)] ReadMemory at 0x7ffec8f90000 of 64 bytes failed: Somente uma parte de um pedido ReadProcessMemory ou WriteProcessMemory foi concluída. (0x12B)
[0628/120415.294:WARNING:pe_image_reader.cc(340)] could not read dos header from C:\WINDOWS\System32\KERNEL32.DLL
[0628/120415.294:ERROR:process_memory_win.cc(73)] ReadMemory at 0x7ffec7990000 of 64 bytes failed: Somente uma parte de um pedido ReadProcessMemory ou WriteProcessMemory foi concluída. (0x12B)
[0628/120415.294:WARNING:pe_image_reader.cc(340)] could not read dos header from C:\WINDOWS\System32\KERNELBASE.dll
[0628/120415.294:ERROR:process_memory_win.cc(73)] ReadMemory at 0x7ffeb2b90000 of 64 bytes failed: Somente uma parte de um pedido ReadProcessMemory ou WriteProcessMemory foi concluída. (0x12B)
[0628/120415.294:WARNING:pe_image_reader.cc(340)] could not read dos header from C:\Program Files (x86)\Google\Chrome\Application\83.0.4103.116\chrome_elf.dll
[0628/120415.294:ERROR:process_memory_win.cc(73)] ReadMemory at 0x7ffebf280000 of 64 bytes failed: Somente uma parte de um pedido ReadProcessMemory ou WriteProcessMemory foi concluída. (0x12B)
[0628/120415.294:WARNING:pe_image_reader.cc(340)] could not read dos header from C:\WINDOWS\SYSTEM32\VERSION.dll
[0628/120415.294:ERROR:process_memory_win.cc(73)] ReadMemory at 0x7ffec93f0000 of 64 bytes failed: Somente uma parte de um pedido ReadProcessMemory ou WriteProcessMemory foi concluída. (0x12B)
[0628/120415.294:WARNING:pe_image_reader.cc(340)] could not read dos header from C:\WINDOWS\System32\msvcrt.dll
[0628/120415.294:ERROR:process_memory_win.cc(73)] ReadMemory at 0x7ffec8090000 of 64 bytes failed: Somente uma parte de um pedido ReadProcessMemory ou WriteProcessMemory foi concluída. (0x12B)
[0628/120415.294:WARNING:pe_image_reader.cc(340)] could not read dos header from C:\WINDOWS\System32\bcryptPrimitives.dll
[0628/120415.294:ERROR:process_memory_win.cc(73)] ReadMemory at 0x7ffec8a90000 of 64 bytes failed: Somente uma parte de um pedido ReadProcessMemory ou WriteProcessMemory foi concluída. (0x12B)
[0628/120415.294:WARNING:pe_image_reader.cc(340)] could not read dos header from C:\WINDOWS\System32\ADVAPI32.dll
[0628/120415.294:ERROR:process_memory_win.cc(73)] ReadMemory at 0x7ffec9c20000 of 64 bytes failed: Somente uma parte de um pedido ReadProcessMemory ou WriteProcessMemory foi concluída. (0x12B)
[0628/120415.294:WARNING:pe_image_reader.cc(340)] could not read dos header from C:\WINDOWS\System32\sechost.dll
[0628/120415.294:ERROR:process_memory_win.cc(73)] ReadMemory at 0x7ffec9a40000 of 64 bytes failed: Somente uma parte de um pedido ReadProcessMemory ou WriteProcessMemory foi concluída. (0x12B)
[0628/120415.294:WARNING:pe_image_reader.cc(340)] could not read dos header from C:\WINDOWS\System32\RPCRT4.dll
[0628/120415.294:ERROR:process_memory_win.cc(73)] ReadMemory at 0x7ffe6f8c0000 of 64 bytes failed: Somente uma parte de um pedido ReadProcessMemory ou WriteProcessMemory foi concluída. (0x12B)
[0628/120415.294:WARNING:pe_image_reader.cc(340)] could not read dos header from C:\Program Files (x86)\Google\Chrome\Application\83.0.4103.116\chrome.dll
[0628/120415.294:ERROR:process_memory_win.cc(73)] ReadMemory at 0x7ffec99d0000 of 64 bytes failed: Somente uma parte de um pedido ReadProcessMemory ou WriteProcessMemory foi concluída. (0x12B)
[0628/120415.294:WARNING:pe_image_reader.cc(340)] could not read dos header from C:\WINDOWS\System32\WS2_32.dll
[0628/120415.294:ERROR:process_memory_win.cc(73)] ReadMemory at 0x7ffeca1e0000 of 64 bytes failed: Somente uma parte de um pedido ReadProcessMemory ou WriteProcessMemory foi concluída. (0x12B)
[0628/120415.294:WARNING:pe_image_reader.cc(340)] could not read dos header from C:\WINDOWS\System32\OLEAUT32.dll
[0628/120415.294:ERROR:process_memory_win.cc(73)] ReadMemory at 0x7ffec7d50000 of 64 bytes failed: Somente uma parte de um pedido ReadProcessMemory ou WriteProcessMemory foi concluída. (0x12B)
[0628/120415.294:WARNING:pe_image_reader.cc(340)] could not read dos header from C:\WINDOWS\System32\msvcp_win.dll
[0628/120415.294:ERROR:process_memory_win.cc(73)] ReadMemory at 0x7ffec7f90000 of 64 bytes failed: Somente uma parte de um pedido ReadProcessMemory ou WriteProcessMemory foi concluída. (0x12B)
[0628/120415.294:WARNING:pe_image_reader.cc(340)] could not read dos header from C:\WINDOWS\System32\ucrtbase.dll
[0628/120415.294:ERROR:process_memory_win.cc(73)] ReadMemory at 0x2815c370000 of 64 bytes failed: Somente uma parte de um pedido ReadProcessMemory ou WriteProcessMemory foi concluída. (0x12B)
[0628/120415.294:WARNING:pe_image_reader.cc(340)] could not read dos header from C:\WINDOWS\System32\combase.dll
[0628/120415.294:ERROR:process_memory_win.cc(73)] ReadMemory at 0x7ffec7cf0000 of 64 bytes failed: Somente uma parte de um pedido ReadProcessMemory ou WriteProcessMemory foi concluída. (0x12B)
[0628/120415.294:WARNING:pe_image_reader.cc(340)] could not read dos header from C:\WINDOWS\System32\WINTRUST.dll
[0628/120415.294:ERROR:process_memory_win.cc(73)] ReadMemory at 0x7ffec78b0000 of 64 bytes failed: Somente uma parte de um pedido ReadProcessMemory ou WriteProcessMemory foi concluída. (0x12B)
[0628/120415.294:WARNING:pe_image_reader.cc(340)] could not read dos header from C:\WINDOWS\System32\MSASN1.dll
[0628/120415.294:ERROR:process_memory_win.cc(73)] ReadMemory at 0x7ffec8940000 of 64 bytes failed: Somente uma parte de um pedido ReadProcessMemory ou WriteProcessMemory foi concluída. (0x12B)
[0628/120415.294:WARNING:pe_image_reader.cc(340)] could not read dos header from C:\WINDOWS\System32\CRYPT32.dll
[0628/120415.294:ERROR:process_memory_win.cc(73)] ReadMemory at 0x7ffec6dc0000 of 64 bytes failed: Somente uma parte de um pedido ReadProcessMemory ou WriteProcessMemory foi concluída. (0x12B)
[0628/120415.294:WARNING:pe_image_reader.cc(340)] could not read dos header from C:\WINDOWS\SYSTEM32\IPHLPAPI.DLL
[0628/120415.294:ERROR:process_memory_win.cc(73)] ReadMemory at 0x7ffebe930000 of 64 bytes failed: Somente uma parte de um pedido ReadProcessMemory ou WriteProcessMemory foi concluída. (0x12B)
[0628/120415.294:WARNING:pe_image_reader.cc(340)] could not read dos header from C:\WINDOWS\SYSTEM32\WINMM.dll
[0628/120415.294:ERROR:process_memory_win.cc(73)] ReadMemory at 0x7ffec3b90000 of 64 bytes failed: Somente uma parte de um pedido ReadProcessMemory ou WriteProcessMemory foi concluída. (0x12B)
[0628/120415.294:WARNING:pe_image_reader.cc(340)] could not read dos header from C:\WINDOWS\SYSTEM32\Secur32.dll
[0628/120415.294:ERROR:process_memory_win.cc(73)] ReadMemory at 0x7ffec7790000 of 64 bytes failed: Somente uma parte de um pedido ReadProcessMemory ou WriteProcessMemory foi concluída. (0x12B)
[0628/120415.294:WARNING:pe_image_reader.cc(340)] could not read dos header from C:\WINDOWS\SYSTEM32\USERENV.dll
[0628/120415.294:ERROR:process_memory_win.cc(73)] ReadMemory at 0x7ffec7940000 of 64 bytes failed: Somente uma parte de um pedido ReadProcessMemory ou WriteProcessMemory foi concluída. (0x12B)
[0628/120415.294:WARNING:pe_image_reader.cc(340)] could not read dos header from C:\WINDOWS\System32\profapi.dll
[0628/120415.294:ERROR:process_memory_win.cc(73)] ReadMemory at 0x7ffea13a0000 of 64 bytes failed: Somente uma parte de um pedido ReadProcessMemory ou WriteProcessMemory foi concluída. (0x12B)
[0628/120415.294:WARNING:pe_image_reader.cc(340)] could not read dos header from C:\WINDOWS\SYSTEM32\UIAutomationCore.DLL
[0628/120415.294:ERROR:process_memory_win.cc(73)] ReadMemory at 0x7ffeb4390000 of 64 bytes failed: Somente uma parte de um pedido ReadProcessMemory ou WriteProcessMemory foi concluída. (0x12B)
[0628/120415.294:WARNING:pe_image_reader.cc(340)] could not read dos header from C:\WINDOWS\SYSTEM32\DWrite.dll
[0628/120415.294:ERROR:process_memory_win.cc(73)] ReadMemory at 0x7ffebf1f0000 of 64 bytes failed: Somente uma parte de um pedido ReadProcessMemory ou WriteProcessMemory foi concluída. (0x12B)
[0628/120415.294:WARNING:pe_image_reader.cc(340)] could not read dos header from C:\WINDOWS\SYSTEM32\WINSPOOL.DRV
[0628/120415.294:ERROR:process_memory_win.cc(73)] ReadMemory at 0x7ffec7920000 of 64 bytes failed: Somente uma parte de um pedido ReadProcessMemory ou WriteProcessMemory foi concluída. (0x12B)
[0628/120415.294:WARNING:pe_image_reader.cc(340)] could not read dos header from C:\WINDOWS\System32\kernel.appcore.dll
[0628/120415.294:ERROR:process_memory_win.cc(73)] ReadMemory at 0x7ffec7c90000 of 64 bytes failed: Somente uma parte de um pedido ReadProcessMemory ou WriteProcessMemory foi concluída. (0x12B)
[0628/120415.294:WARNING:pe_image_reader.cc(340)] could not read dos header from C:\WINDOWS\System32\bcrypt.dll
[0628/120415.294:ERROR:process_memory_win.cc(73)] ReadMemory at 0x7ffebf780000 of 64 bytes failed: Somente uma parte de um pedido ReadProcessMemory ou WriteProcessMemory foi concluída. (0x12B)
[0628/120415.294:WARNING:pe_image_reader.cc(340)] could not read dos header from C:\WINDOWS\SYSTEM32\dbghelp.dll
[0628/120415.294:ERROR:process_memory_win.cc(73)] ReadMemory at 0x7ffec3a20000 of 64 bytes failed: Somente uma parte de um pedido ReadProcessMemory ou WriteProcessMemory foi concluída. (0x12B)
[0628/120415.294:WARNING:pe_image_reader.cc(340)] could not read dos header from C:\WINDOWS\SYSTEM32\WINHTTP.dll
[0628/120415.294:ERROR:process_memory_win.cc(73)] ReadMemory at 0x7ffec26e0000 of 64 bytes failed: Somente uma parte de um pedido ReadProcessMemory ou WriteProcessMemory foi concluída. (0x12B)
[0628/120415.310:WARNING:pe_image_reader.cc(340)] could not read dos header from C:\WINDOWS\SYSTEM32\dhcpcsvc.DLL
[0628/120415.310:ERROR:process_memory_win.cc(73)] ReadMemory at 0x7ffec8b40000 of 64 bytes failed: Somente uma parte de um pedido ReadProcessMemory ou WriteProcessMemory foi concluída. (0x12B)
[0628/120415.310:WARNING:pe_image_reader.cc(340)] could not read dos header from C:\WINDOWS\System32\NSI.dll
[0628/120415.310:ERROR:process_memory_win.cc(73)] ReadMemory at 0x7ffebe6e0000 of 64 bytes failed: Somente uma parte de um pedido ReadProcessMemory ou WriteProcessMemory foi concluída. (0x12B)
[0628/120415.310:WARNING:pe_image_reader.cc(340)] could not read dos header from C:\WINDOWS\SYSTEM32\WINMMBASE.dll
[0628/120415.310:ERROR:process_memory_win.cc(73)] ReadMemory at 0x7ffec7c40000 of 64 bytes failed: Somente uma parte de um pedido ReadProcessMemory ou WriteProcessMemory foi concluída. (0x12B)
[0628/120415.310:WARNING:pe_image_reader.cc(340)] could not read dos header from C:\WINDOWS\System32\cfgmgr32.dll
[0628/120415.310:ERROR:process_memory_win.cc(73)] ReadMemory at 0x7ffec44c0000 of 64 bytes failed: Somente uma parte de um pedido ReadProcessMemory ou WriteProcessMemory foi concluída. (0x12B)
[0628/120415.310:WARNING:pe_image_reader.cc(340)] could not read dos header from C:\WINDOWS\SYSTEM32\PROPSYS.dll
[0628/120415.310:ERROR:process_memory_win.cc(73)] ReadMemory at 0x7ffec9920000 of 64 bytes failed: Somente uma parte de um pedido ReadProcessMemory ou WriteProcessMemory foi concluída. (0x12B)
[0628/120415.310:WARNING:pe_image_reader.cc(340)] could not read dos header from C:\WINDOWS\System32\shcore.dll
[0628/120415.310:ERROR:process_memory_win.cc(73)] ReadMemory at 0x7ffec77c0000 of 64 bytes failed: Somente uma parte de um pedido ReadProcessMemory ou WriteProcessMemory foi concluída. (0x12B)
[0628/120415.310:WARNING:pe_image_reader.cc(340)] could not read dos header from C:\WINDOWS\SYSTEM32\SSPICLI.DLL
[0628/120415.310:ERROR:process_memory_win.cc(73)] ReadMemory at 0x7ffec7280000 of 64 bytes failed: Somente uma parte de um pedido ReadProcessMemory ou WriteProcessMemory foi concluída. (0x12B)
[0628/120415.310:WARNING:pe_image_reader.cc(340)] could not read dos header from C:\WINDOWS\SYSTEM32\CRYPTBASE.DLL
[0628/120415.435:ERROR:process_memory_win.cc(73)] ReadMemory at 0x7ff622db0000 of 64 bytes failed: Somente uma parte de um pedido ReadProcessMemory ou WriteProcessMemory foi concluída. (0x12B)
[0628/120415.435:WARNING:pe_image_reader.cc(340)] could not read dos header from C:\Program Files (x86)\Google\Chrome\Application\chrome.exe
[0628/120415.435:ERROR:process_memory_win.cc(73)] ReadMemory at 0x7ffeca9e0000 of 64 bytes failed: Somente uma parte de um pedido ReadProcessMemory ou WriteProcessMemory foi concluída. (0x12B)
[0628/120415.435:WARNING:pe_image_reader.cc(340)] could not read dos header from C:\WINDOWS\SYSTEM32\ntdll.dll
[0628/120415.435:ERROR:process_memory_win.cc(73)] ReadMemory at 0x7ffec8f90000 of 64 bytes failed: Somente uma parte de um pedido ReadProcessMemory ou WriteProcessMemory foi concluída. (0x12B)
[0628/120415.435:WARNING:pe_image_reader.cc(340)] could not read dos header from C:\WINDOWS\System32\KERNEL32.DLL
[0628/120415.435:ERROR:process_memory_win.cc(73)] ReadMemory at 0x7ffec7990000 of 64 bytes failed: Somente uma parte de um pedido ReadProcessMemory ou WriteProcessMemory foi concluída. (0x12B)
[0628/120415.435:WARNING:pe_image_reader.cc(340)] could not read dos header from C:\WINDOWS\System32\KERNELBASE.dll
[0628/120415.435:ERROR:process_memory_win.cc(73)] ReadMemory at 0x7ffeb2b90000 of 64 bytes failed: Somente uma parte de um pedido ReadProcessMemory ou WriteProcessMemory foi concluída. (0x12B)
[0628/120415.435:WARNING:pe_image_reader.cc(340)] could not read dos header from C:\Program Files (x86)\Google\Chrome\Application\83.0.4103.116\chrome_elf.dll
[0628/120415.435:ERROR:process_memory_win.cc(73)] ReadMemory at 0x7ffebf280000 of 64 bytes failed: Somente uma parte de um pedido ReadProcessMemory ou WriteProcessMemory foi concluída. (0x12B)
[0628/120415.435:WARNING:pe_image_reader.cc(340)] could not read dos header from C:\WINDOWS\SYSTEM32\VERSION.dll
[0628/120415.435:ERROR:process_memory_win.cc(73)] ReadMemory at 0x7ffec93f0000 of 64 bytes failed: Somente uma parte de um pedido ReadProcessMemory ou WriteProcessMemory foi concluída. (0x12B)
[0628/120415.435:WARNING:pe_image_reader.cc(340)] could not read dos header from C:\WINDOWS\System32\msvcrt.dll
[0628/120415.435:ERROR:process_memory_win.cc(73)] ReadMemory at 0x7ffec8090000 of 64 bytes failed: Somente uma parte de um pedido ReadProcessMemory ou WriteProcessMemory foi concluída. (0x12B)
[0628/120415.435:WARNING:pe_image_reader.cc(340)] could not read dos header from C:\WINDOWS\System32\bcryptPrimitives.dll
[0628/120415.435:ERROR:process_memory_win.cc(73)] ReadMemory at 0x7ffec8a90000 of 64 bytes failed: Somente uma parte de um pedido ReadProcessMemory ou WriteProcessMemory foi concluída. (0x12B)
[0628/120415.435:WARNING:pe_image_reader.cc(340)] could not read dos header from C:\WINDOWS\System32\ADVAPI32.dll
[0628/120415.435:ERROR:process_memory_win.cc(73)] ReadMemory at 0x7ffec9c20000 of 64 bytes failed: Somente uma parte de um pedido ReadProcessMemory ou WriteProcessMemory foi concluída. (0x12B)
[0628/120415.435:WARNING:pe_image_reader.cc(340)] could not read dos header from C:\WINDOWS\System32\sechost.dll
[0628/120415.435:ERROR:process_memory_win.cc(73)] ReadMemory at 0x7ffec9a40000 of 64 bytes failed: Somente uma parte de um pedido ReadProcessMemory ou WriteProcessMemory foi concluída. (0x12B)
[0628/120415.435:WARNING:pe_image_reader.cc(340)] could not read dos header from C:\WINDOWS\System32\RPCRT4.dll
[0628/120415.435:ERROR:process_memory_win.cc(73)] ReadMemory at 0x7ffe6f8c0000 of 64 bytes failed: Somente uma parte de um pedido ReadProcessMemory ou WriteProcessMemory foi concluída. (0x12B)
[0628/120415.435:WARNING:pe_image_reader.cc(340)] could not read dos header from C:\Program Files (x86)\Google\Chrome\Application\83.0.4103.116\chrome.dll
[0628/120415.435:ERROR:process_memory_win.cc(73)] ReadMemory at 0x7ffec99d0000 of 64 bytes failed: Somente uma parte de um pedido ReadProcessMemory ou WriteProcessMemory foi concluída. (0x12B)
[0628/120415.435:WARNING:pe_image_reader.cc(340)] could not read dos header from C:\WINDOWS\System32\WS2_32.dll
[0628/120415.435:ERROR:process_memory_win.cc(73)] ReadMemory at 0x7ffeca1e0000 of 64 bytes failed: Somente uma parte de um pedido ReadProcessMemory ou WriteProcessMemory foi concluída. (0x12B)
[0628/120415.435:WARNING:pe_image_reader.cc(340)] could not read dos header from C:\WINDOWS\System32\OLEAUT32.dll
[0628/120415.435:ERROR:process_memory_win.cc(73)] ReadMemory at 0x7ffec7d50000 of 64 bytes failed: Somente uma parte de um pedido ReadProcessMemory ou WriteProcessMemory foi concluída. (0x12B)
[0628/120415.435:WARNING:pe_image_reader.cc(340)] could not read dos header from C:\WINDOWS\System32\msvcp_win.dll
[0628/120415.435:ERROR:process_memory_win.cc(73)] ReadMemory at 0x7ffec7f90000 of 64 bytes failed: Somente uma parte de um pedido ReadProcessMemory ou WriteProcessMemory foi concluída. (0x12B)
[0628/120415.435:WARNING:pe_image_reader.cc(340)] could not read dos header from C:\WINDOWS\System32\ucrtbase.dll
[0628/120415.435:ERROR:process_memory_win.cc(73)] ReadMemory at 0x2815c370000 of 64 bytes failed: Somente uma parte de um pedido ReadProcessMemory ou WriteProcessMemory foi concluída. (0x12B)
[0628/120415.435:WARNING:pe_image_reader.cc(340)] could not read dos header from C:\WINDOWS\System32\combase.dll
[0628/120415.435:ERROR:process_memory_win.cc(73)] ReadMemory at 0x7ffec7cf0000 of 64 bytes failed: Somente uma parte de um pedido ReadProcessMemory ou WriteProcessMemory foi concluída. (0x12B)
[0628/120415.435:WARNING:pe_image_reader.cc(340)] could not read dos header from C:\WINDOWS\System32\WINTRUST.dll
[0628/120415.435:ERROR:process_memory_win.cc(73)] ReadMemory at 0x7ffec78b0000 of 64 bytes failed: Somente uma parte de um pedido ReadProcessMemory ou WriteProcessMemory foi concluída. (0x12B)
[0628/120415.435:WARNING:pe_image_reader.cc(340)] could not read dos header from C:\WINDOWS\System32\MSASN1.dll
[0628/120415.435:ERROR:process_memory_win.cc(73)] ReadMemory at 0x7ffec8940000 of 64 bytes failed: Somente uma parte de um pedido ReadProcessMemory ou WriteProcessMemory foi concluída. (0x12B)
[0628/120415.435:WARNING:pe_image_reader.cc(340)] could not read dos header from C:\WINDOWS\System32\CRYPT32.dll
[0628/120415.435:ERROR:process_memory_win.cc(73)] ReadMemory at 0x7ffec6dc0000 of 64 bytes failed: Somente uma parte de um pedido ReadProcessMemory ou WriteProcessMemory foi concluída. (0x12B)
[0628/120415.435:WARNING:pe_image_reader.cc(340)] could not read dos header from C:\WINDOWS\SYSTEM32\IPHLPAPI.DLL
[0628/120415.435:ERROR:process_memory_win.cc(73)] ReadMemory at 0x7ffebe930000 of 64 bytes failed: Somente uma parte de um pedido ReadProcessMemory ou WriteProcessMemory foi concluída. (0x12B)
[0628/120415.435:WARNING:pe_image_reader.cc(340)] could not read dos header from C:\WINDOWS\SYSTEM32\WINMM.dll
[0628/120415.435:ERROR:process_memory_win.cc(73)] ReadMemory at 0x7ffec3b90000 of 64 bytes failed: Somente uma parte de um pedido ReadProcessMemory ou WriteProcessMemory foi concluída. (0x12B)
[0628/120415.435:WARNING:pe_image_reader.cc(340)] could not read dos header from C:\WINDOWS\SYSTEM32\Secur32.dll
[0628/120415.435:ERROR:process_memory_win.cc(73)] ReadMemory at 0x7ffec7790000 of 64 bytes failed: Somente uma parte de um pedido ReadProcessMemory ou WriteProcessMemory foi concluída. (0x12B)
[0628/120415.435:WARNING:pe_image_reader.cc(340)] could not read dos header from C:\WINDOWS\SYSTEM32\USERENV.dll
[0628/120415.435:ERROR:process_memory_win.cc(73)] ReadMemory at 0x7ffec7940000 of 64 bytes failed: Somente uma parte de um pedido ReadProcessMemory ou WriteProcessMemory foi concluída. (0x12B)
[0628/120415.435:WARNING:pe_image_reader.cc(340)] could not read dos header from C:\WINDOWS\System32\profapi.dll
[0628/120415.435:ERROR:process_memory_win.cc(73)] ReadMemory at 0x7ffea13a0000 of 64 bytes failed: Somente uma parte de um pedido ReadProcessMemory ou WriteProcessMemory foi concluída. (0x12B)
[0628/120415.435:WARNING:pe_image_reader.cc(340)] could not read dos header from C:\WINDOWS\SYSTEM32\UIAutomationCore.DLL
[0628/120415.435:ERROR:process_memory_win.cc(73)] ReadMemory at 0x7ffeb4390000 of 64 bytes failed: Somente uma parte de um pedido ReadProcessMemory ou WriteProcessMemory foi concluída. (0x12B)
[0628/120415.435:WARNING:pe_image_reader.cc(340)] could not read dos header from C:\WINDOWS\SYSTEM32\DWrite.dll
[0628/120415.435:ERROR:process_memory_win.cc(73)] ReadMemory at 0x7ffebf1f0000 of 64 bytes failed: Somente uma parte de um pedido ReadProcessMemory ou WriteProcessMemory foi concluída. (0x12B)
[0628/120415.435:WARNING:pe_image_reader.cc(340)] could not read dos header from C:\WINDOWS\SYSTEM32\WINSPOOL.DRV
[0628/120415.435:ERROR:process_memory_win.cc(73)] ReadMemory at 0x7ffec7920000 of 64 bytes failed: Somente uma parte de um pedido ReadProcessMemory ou WriteProcessMemory foi concluída. (0x12B)
[0628/120415.435:WARNING:pe_image_reader.cc(340)] could not read dos header from C:\WINDOWS\System32\kernel.appcore.dll
[0628/120415.435:ERROR:process_memory_win.cc(73)] ReadMemory at 0x7ffec7c90000 of 64 bytes failed: Somente uma parte de um pedido ReadProcessMemory ou WriteProcessMemory foi concluída. (0x12B)
[0628/120415.435:WARNING:pe_image_reader.cc(340)] could not read dos header from C:\WINDOWS\System32\bcrypt.dll
[0628/120415.435:ERROR:process_memory_win.cc(73)] ReadMemory at 0x7ffebf780000 of 64 bytes failed: Somente uma parte de um pedido ReadProcessMemory ou WriteProcessMemory foi concluída. (0x12B)
[0628/120415.435:WARNING:pe_image_reader.cc(340)] could not read dos header from C:\WINDOWS\SYSTEM32\dbghelp.dll
[0628/120415.435:ERROR:process_memory_win.cc(73)] ReadMemory at 0x7ffec3a20000 of 64 bytes failed: Somente uma parte de um pedido ReadProcessMemory ou WriteProcessMemory foi concluída. (0x12B)
[0628/120415.435:WARNING:pe_image_reader.cc(340)] could not read dos header from C:\WINDOWS\SYSTEM32\WINHTTP.dll
[0628/120415.435:ERROR:process_memory_win.cc(73)] ReadMemory at 0x7ffec26e0000 of 64 bytes failed: Somente uma parte de um pedido ReadProcessMemory ou WriteProcessMemory foi concluída. (0x12B)
[0628/120415.435:WARNING:pe_image_reader.cc(340)] could not read dos header from C:\WINDOWS\SYSTEM32\dhcpcsvc.DLL
[0628/120415.435:ERROR:process_memory_win.cc(73)] ReadMemory at 0x7ffec8b40000 of 64 bytes failed: Somente uma parte de um pedido ReadProcessMemory ou WriteProcessMemory foi concluída. (0x12B)
[0628/120415.435:WARNING:pe_image_reader.cc(340)] could not read dos header from C:\WINDOWS\System32\NSI.dll
[0628/120415.435:ERROR:process_memory_win.cc(73)] ReadMemory at 0x7ffebe6e0000 of 64 bytes failed: Somente uma parte de um pedido ReadProcessMemory ou WriteProcessMemory foi concluída. (0x12B)
[0628/120415.435:WARNING:pe_image_reader.cc(340)] could not read dos header from C:\WINDOWS\SYSTEM32\WINMMBASE.dll
[0628/120415.435:ERROR:process_memory_win.cc(73)] ReadMemory at 0x7ffec7c40000 of 64 bytes failed: Somente uma parte de um pedido ReadProcessMemory ou WriteProcessMemory foi concluída. (0x12B)
[0628/120415.435:WARNING:pe_image_reader.cc(340)] could not read dos header from C:\WINDOWS\System32\cfgmgr32.dll
[0628/120415.435:ERROR:process_memory_win.cc(73)] ReadMemory at 0x7ffec44c0000 of 64 bytes failed: Somente uma parte de um pedido ReadProcessMemory ou WriteProcessMemory foi concluída. (0x12B)
[0628/120415.435:WARNING:pe_image_reader.cc(340)] could not read dos header from C:\WINDOWS\SYSTEM32\PROPSYS.dll
[0628/120415.435:ERROR:process_memory_win.cc(73)] ReadMemory at 0x7ffec9920000 of 64 bytes failed: Somente uma parte de um pedido ReadProcessMemory ou WriteProcessMemory foi concluída. (0x12B)
[0628/120415.435:WARNING:pe_image_reader.cc(340)] could not read dos header from C:\WINDOWS\System32\shcore.dll
[0628/120415.435:ERROR:process_memory_win.cc(73)] ReadMemory at 0x7ffec77c0000 of 64 bytes failed: Somente uma parte de um pedido ReadProcessMemory ou WriteProcessMemory foi concluída. (0x12B)
[0628/120415.435:WARNING:pe_image_reader.cc(340)] could not read dos header from C:\WINDOWS\SYSTEM32\SSPICLI.DLL
[0628/120415.435:ERROR:process_memory_win.cc(73)] ReadMemory at 0x7ffec7280000 of 64 bytes failed: Somente uma parte de um pedido ReadProcessMemory ou WriteProcessMemory foi concluída. (0x12B)
[0628/120415.435:WARNING:pe_image_reader.cc(340)] could not read dos header from C:\WINDOWS\SYSTEM32\CRYPTBASE.DLL
[0628/120415.435:ERROR:process_memory_win.cc(73)] ReadMemory at 0x7ff622db0000 of 64 bytes failed: Somente uma parte de um pedido ReadProcessMemory ou WriteProcessMemory foi concluída. (0x12B)
[0628/120415.435:WARNING:pe_image_reader.cc(340)] could not read dos header from C:\Program Files (x86)\Google\Chrome\Application\chrome.exe
[0628/120415.435:ERROR:process_memory_win.cc(73)] ReadMemory at 0x7ffeca9e0000 of 64 bytes failed: Somente uma parte de um pedido ReadProcessMemory ou WriteProcessMemory foi concluída. (0x12B)
[0628/120415.435:WARNING:pe_image_reader.cc(340)] could not read dos header from C:\WINDOWS\SYSTEM32\ntdll.dll
[0628/120415.435:ERROR:process_memory_win.cc(73)] ReadMemory at 0x7ffec8f90000 of 64 bytes failed: Somente uma parte de um pedido ReadProcessMemory ou WriteProcessMemory foi concluída. (0x12B)
[0628/120415.435:WARNING:pe_image_reader.cc(340)] could not read dos header from C:\WINDOWS\System32\KERNEL32.DLL
[0628/120415.435:ERROR:process_memory_win.cc(73)] ReadMemory at 0x7ffec7990000 of 64 bytes failed: Somente uma parte de um pedido ReadProcessMemory ou WriteProcessMemory foi concluída. (0x12B)
[0628/120415.435:WARNING:pe_image_reader.cc(340)] could not read dos header from C:\WINDOWS\System32\KERNELBASE.dll
[0628/120415.435:ERROR:process_memory_win.cc(73)] ReadMemory at 0x7ffeb2b90000 of 64 bytes failed: Somente uma parte de um pedido ReadProcessMemory ou WriteProcessMemory foi concluída. (0x12B)
[0628/120415.435:WARNING:pe_image_reader.cc(340)] could not read dos header from C:\Program Files (x86)\Google\Chrome\Application\83.0.4103.116\chrome_elf.dll
[0628/120415.435:ERROR:process_memory_win.cc(73)] ReadMemory at 0x7ffebf280000 of 64 bytes failed: Somente uma parte de um pedido ReadProcessMemory ou WriteProcessMemory foi concluída. (0x12B)
[0628/120415.435:WARNING:pe_image_reader.cc(340)] could not read dos header from C:\WINDOWS\SYSTEM32\VERSION.dll
[0628/120415.435:ERROR:process_memory_win.cc(73)] ReadMemory at 0x7ffec93f0000 of 64 bytes failed: Somente uma parte de um pedido ReadProcessMemory ou WriteProcessMemory foi concluída. (0x12B)
[0628/120415.435:WARNING:pe_image_reader.cc(340)] could not read dos header from C:\WINDOWS\System32\msvcrt.dll
[0628/120415.435:ERROR:process_memory_win.cc(73)] ReadMemory at 0x7ffec8090000 of 64 bytes failed: Somente uma parte de um pedido ReadProcessMemory ou WriteProcessMemory foi concluída. (0x12B)
[0628/120415.435:WARNING:pe_image_reader.cc(340)] could not read dos header from C:\WINDOWS\System32\bcryptPrimitives.dll
[0628/120415.435:ERROR:process_memory_win.cc(73)] ReadMemory at 0x7ffec8a90000 of 64 bytes failed: Somente uma parte de um pedido ReadProcessMemory ou WriteProcessMemory foi concluída. (0x12B)
[0628/120415.435:WARNING:pe_image_reader.cc(340)] could not read dos header from C:\WINDOWS\System32\ADVAPI32.dll
[0628/120415.435:ERROR:process_memory_win.cc(73)] ReadMemory at 0x7ffec9c20000 of 64 bytes failed: Somente uma parte de um pedido ReadProcessMemory ou WriteProcessMemory foi concluída. (0x12B)
[0628/120415.435:WARNING:pe_image_reader.cc(340)] could not read dos header from C:\WINDOWS\System32\sechost.dll
[0628/120415.435:ERROR:process_memory_win.cc(73)] ReadMemory at 0x7ffec9a40000 of 64 bytes failed: Somente uma parte de um pedido ReadProcessMemory ou WriteProcessMemory foi concluída. (0x12B)
[0628/120415.435:WARNING:pe_image_reader.cc(340)] could not read dos header from C:\WINDOWS\System32\RPCRT4.dll
[0628/120415.435:ERROR:process_memory_win.cc(73)] ReadMemory at 0x7ffe6f8c0000 of 64 bytes failed: Somente uma parte de um pedido ReadProcessMemory ou WriteProcessMemory foi concluída. (0x12B)
[0628/120415.435:WARNING:pe_image_reader.cc(340)] could not read dos header from C:\Program Files (x86)\Google\Chrome\Application\83.0.4103.116\chrome.dll
[0628/120415.435:ERROR:process_memory_win.cc(73)] ReadMemory at 0x7ffec99d0000 of 64 bytes failed: Somente uma parte de um pedido ReadProcessMemory ou WriteProcessMemory foi concluída. (0x12B)
[0628/120415.435:WARNING:pe_image_reader.cc(340)] could not read dos header from C:\WINDOWS\System32\WS2_32.dll
[0628/120415.435:ERROR:process_memory_win.cc(73)] ReadMemory at 0x7ffeca1e0000 of 64 bytes failed: Somente uma parte de um pedido ReadProcessMemory ou WriteProcessMemory foi concluída. (0x12B)
[0628/120415.435:WARNING:pe_image_reader.cc(340)] could not read dos header from C:\WINDOWS\System32\OLEAUT32.dll
[0628/120415.435:ERROR:process_memory_win.cc(73)] ReadMemory at 0x7ffec7d50000 of 64 bytes failed: Somente uma parte de um pedido ReadProcessMemory ou WriteProcessMemory foi concluída. (0x12B)
[0628/120415.435:WARNING:pe_image_reader.cc(340)] could not read dos header from C:\WINDOWS\System32\msvcp_win.dll
[0628/120415.435:ERROR:process_memory_win.cc(73)] ReadMemory at 0x7ffec7f90000 of 64 bytes failed: Somente uma parte de um pedido ReadProcessMemory ou WriteProcessMemory foi concluída. (0x12B)
[0628/120415.435:WARNING:pe_image_reader.cc(340)] could not read dos header from C:\WINDOWS\System32\ucrtbase.dll
[0628/120415.435:ERROR:process_memory_win.cc(73)] ReadMemory at 0x2815c370000 of 64 bytes failed: Somente uma parte de um pedido ReadProcessMemory ou WriteProcessMemory foi concluída. (0x12B)
[0628/120415.435:WARNING:pe_image_reader.cc(340)] could not read dos header from C:\WINDOWS\System32\combase.dll
[0628/120415.435:ERROR:process_memory_win.cc(73)] ReadMemory at 0x7ffec7cf0000 of 64 bytes failed: Somente uma parte de um pedido ReadProcessMemory ou WriteProcessMemory foi concluída. (0x12B)
[0628/120415.435:WARNING:pe_image_reader.cc(340)] could not read dos header from C:\WINDOWS\System32\WINTRUST.dll
[0628/120415.450:ERROR:process_memory_win.cc(73)] ReadMemory at 0x7ffec78b0000 of 64 bytes failed: Somente uma parte de um pedido ReadProcessMemory ou WriteProcessMemory foi concluída. (0x12B)
[0628/120415.450:WARNING:pe_image_reader.cc(340)] could not read dos header from C:\WINDOWS\System32\MSASN1.dll
[0628/120415.450:ERROR:process_memory_win.cc(73)] ReadMemory at 0x7ffec8940000 of 64 bytes failed: Somente uma parte de um pedido ReadProcessMemory ou WriteProcessMemory foi concluída. (0x12B)
[0628/120415.450:WARNING:pe_image_reader.cc(340)] could not read dos header from C:\WINDOWS\System32\CRYPT32.dll
[0628/120415.450:ERROR:process_memory_win.cc(73)] ReadMemory at 0x7ffec6dc0000 of 64 bytes failed: Somente uma parte de um pedido ReadProcessMemory ou WriteProcessMemory foi concluída. (0x12B)
[0628/120415.450:WARNING:pe_image_reader.cc(340)] could not read dos header from C:\WINDOWS\SYSTEM32\IPHLPAPI.DLL
[0628/120415.450:ERROR:process_memory_win.cc(73)] ReadMemory at 0x7ffebe930000 of 64 bytes failed: Somente uma parte de um pedido ReadProcessMemory ou WriteProcessMemory foi concluída. (0x12B)
[0628/120415.450:WARNING:pe_image_reader.cc(340)] could not read dos header from C:\WINDOWS\SYSTEM32\WINMM.dll
[0628/120415.450:ERROR:process_memory_win.cc(73)] ReadMemory at 0x7ffec3b90000 of 64 bytes failed: Somente uma parte de um pedido ReadProcessMemory ou WriteProcessMemory foi concluída. (0x12B)
[0628/120415.450:WARNING:pe_image_reader.cc(340)] could not read dos header from C:\WINDOWS\SYSTEM32\Secur32.dll
[0628/120415.450:ERROR:process_memory_win.cc(73)] ReadMemory at 0x7ffec7790000 of 64 bytes failed: Somente uma parte de um pedido ReadProcessMemory ou WriteProcessMemory foi concluída. (0x12B)
[0628/120415.450:WARNING:pe_image_reader.cc(340)] could not read dos header from C:\WINDOWS\SYSTEM32\USERENV.dll
[0628/120415.450:ERROR:process_memory_win.cc(73)] ReadMemory at 0x7ffec7940000 of 64 bytes failed: Somente uma parte de um pedido ReadProcessMemory ou WriteProcessMemory foi concluída. (0x12B)
[0628/120415.450:WARNING:pe_image_reader.cc(340)] could not read dos header from C:\WINDOWS\System32\profapi.dll
[0628/120415.450:ERROR:process_memory_win.cc(73)] ReadMemory at 0x7ffea13a0000 of 64 bytes failed: Somente uma parte de um pedido ReadProcessMemory ou WriteProcessMemory foi concluída. (0x12B)
[0628/120415.450:WARNING:pe_image_reader.cc(340)] could not read dos header from C:\WINDOWS\SYSTEM32\UIAutomationCore.DLL
[0628/120415.450:ERROR:process_memory_win.cc(73)] ReadMemory at 0x7ffeb4390000 of 64 bytes failed: Somente uma parte de um pedido ReadProcessMemory ou WriteProcessMemory foi concluída. (0x12B)
[0628/120415.450:WARNING:pe_image_reader.cc(340)] could not read dos header from C:\WINDOWS\SYSTEM32\DWrite.dll
[0628/120415.450:ERROR:process_memory_win.cc(73)] ReadMemory at 0x7ffebf1f0000 of 64 bytes failed: Somente uma parte de um pedido ReadProcessMemory ou WriteProcessMemory foi concluída. (0x12B)
[0628/120415.450:WARNING:pe_image_reader.cc(340)] could not read dos header from C:\WINDOWS\SYSTEM32\WINSPOOL.DRV
[0628/120415.450:ERROR:process_memory_win.cc(73)] ReadMemory at 0x7ffec7920000 of 64 bytes failed: Somente uma parte de um pedido ReadProcessMemory ou WriteProcessMemory foi concluída. (0x12B)
[0628/120415.450:WARNING:pe_image_reader.cc(340)] could not read dos header from C:\WINDOWS\System32\kernel.appcore.dll
[0628/120415.450:ERROR:process_memory_win.cc(73)] ReadMemory at 0x7ffec7c90000 of 64 bytes failed: Somente uma parte de um pedido ReadProcessMemory ou WriteProcessMemory foi concluída. (0x12B)
[0628/120415.450:WARNING:pe_image_reader.cc(340)] could not read dos header from C:\WINDOWS\System32\bcrypt.dll
[0628/120415.450:ERROR:process_memory_win.cc(73)] ReadMemory at 0x7ffebf780000 of 64 bytes failed: Somente uma parte de um pedido ReadProcessMemory ou WriteProcessMemory foi concluída. (0x12B)
[0628/120415.450:WARNING:pe_image_reader.cc(340)] could not read dos header from C:\WINDOWS\SYSTEM32\dbghelp.dll
[0628/120415.450:ERROR:process_memory_win.cc(73)] ReadMemory at 0x7ffec3a20000 of 64 bytes failed: Somente uma parte de um pedido ReadProcessMemory ou WriteProcessMemory foi concluída. (0x12B)
[0628/120415.450:WARNING:pe_image_reader.cc(340)] could not read dos header from C:\WINDOWS\SYSTEM32\WINHTTP.dll
[0628/120415.450:ERROR:process_memory_win.cc(73)] ReadMemory at 0x7ffec26e0000 of 64 bytes failed: Somente uma parte de um pedido ReadProcessMemory ou WriteProcessMemory foi concluída. (0x12B)
[0628/120415.450:WARNING:pe_image_reader.cc(340)] could not read dos header from C:\WINDOWS\SYSTEM32\dhcpcsvc.DLL
[0628/120415.450:ERROR:process_memory_win.cc(73)] ReadMemory at 0x7ffec8b40000 of 64 bytes failed: Somente uma parte de um pedido ReadProcessMemory ou WriteProcessMemory foi concluída. (0x12B)
[0628/120415.450:WARNING:pe_image_reader.cc(340)] could not read dos header from C:\WINDOWS\System32\NSI.dll
[0628/120415.450:ERROR:process_memory_win.cc(73)] ReadMemory at 0x7ffebe6e0000 of 64 bytes failed: Somente uma parte de um pedido ReadProcessMemory ou WriteProcessMemory foi concluída. (0x12B)
[0628/120415.450:WARNING:pe_image_reader.cc(340)] could not read dos header from C:\WINDOWS\SYSTEM32\WINMMBASE.dll
[0628/120415.450:ERROR:process_memory_win.cc(73)] ReadMemory at 0x7ffec7c40000 of 64 bytes failed: Somente uma parte de um pedido ReadProcessMemory ou WriteProcessMemory foi concluída. (0x12B)
[0628/120415.450:WARNING:pe_image_reader.cc(340)] could not read dos header from C:\WINDOWS\System32\cfgmgr32.dll
[0628/120415.450:ERROR:process_memory_win.cc(73)] ReadMemory at 0x7ffec44c0000 of 64 bytes failed: Somente uma parte de um pedido ReadProcessMemory ou WriteProcessMemory foi concluída. (0x12B)
[0628/120415.450:WARNING:pe_image_reader.cc(340)] could not read dos header from C:\WINDOWS\SYSTEM32\PROPSYS.dll
[0628/120415.450:ERROR:process_memory_win.cc(73)] ReadMemory at 0x7ffec9920000 of 64 bytes failed: Somente uma parte de um pedido ReadProcessMemory ou WriteProcessMemory foi concluída. (0x12B)
[0628/120415.450:WARNING:pe_image_reader.cc(340)] could not read dos header from C:\WINDOWS\System32\shcore.dll
[0628/120415.450:ERROR:process_memory_win.cc(73)] ReadMemory at 0x7ffec77c0000 of 64 bytes failed: Somente uma parte de um pedido ReadProcessMemory ou WriteProcessMemory foi concluída. (0x12B)
[0628/120415.450:WARNING:pe_image_reader.cc(340)] could not read dos header from C:\WINDOWS\SYSTEM32\SSPICLI.DLL
[0628/120415.450:ERROR:process_memory_win.cc(73)] ReadMemory at 0x7ffec7280000 of 64 bytes failed: Somente uma parte de um pedido ReadProcessMemory ou WriteProcessMemory foi concluída. (0x12B)
[0628/120415.450:WARNING:pe_image_reader.cc(340)] could not read dos header from C:\WINDOWS\SYSTEM32\CRYPTBASE.DLL
[0628/120415.481:ERROR:process_memory_win.cc(73)] ReadMemory at 0x9c8ebec000 of 81920 bytes failed: Somente uma parte de um pedido ReadProcessMemory ou WriteProcessMemory foi concluída. (0x12B)
[0628/120415.481:ERROR:process_memory_win.cc(73)] ReadMemory at 0x9c8f3fd000 of 12288 bytes failed: Somente uma parte de um pedido ReadProcessMemory ou WriteProcessMemory foi concluída. (0x12B)
[0628/120415.481:ERROR:process_memory_win.cc(73)] ReadMemory at 0x9c903fc000 of 16384 bytes failed: Somente uma parte de um pedido ReadProcessMemory ou WriteProcessMemory foi concluída. (0x12B)
[0628/120415.481:ERROR:process_memory_win.cc(73)] ReadMemory at 0x9c90bfc000 of 16384 bytes failed: Somente uma parte de um pedido ReadProcessMemory ou WriteProcessMemory foi concluída. (0x12B)
[0628/120415.481:ERROR:process_memory_win.cc(73)] ReadMemory at 0x9c913ff000 of 4096 bytes failed: Somente uma parte de um pedido ReadProcessMemory ou WriteProcessMemory foi concluída. (0x12B)
[0628/120415.481:ERROR:process_memory_win.cc(73)] ReadMemory at 0x9c91bfd000 of 12288 bytes failed: Somente uma parte de um pedido ReadProcessMemory ou WriteProcessMemory foi concluída. (0x12B)
[0628/120415.481:ERROR:process_memory_win.cc(73)] ReadMemory at 0x9c923fb000 of 20480 bytes failed: Somente uma parte de um pedido ReadProcessMemory ou WriteProcessMemory foi concluída. (0x12B)
[0628/120415.481:ERROR:process_memory_win.cc(73)] ReadMemory at 0x9c92bfd000 of 12288 bytes failed: Somente uma parte de um pedido ReadProcessMemory ou WriteProcessMemory foi concluída. (0x12B)
[0628/120415.481:ERROR:process_memory_win.cc(73)] ReadMemory at 0x9c933f5000 of 45056 bytes failed: Somente uma parte de um pedido ReadProcessMemory ou WriteProcessMemory foi concluída. (0x12B)
[0628/120415.481:ERROR:process_memory_win.cc(73)] ReadMemory at 0x9c93bfb000 of 20480 bytes failed: Somente uma parte de um pedido ReadProcessMemory ou WriteProcessMemory foi concluída. (0x12B)
[0628/120415.481:ERROR:process_memory_win.cc(73)] ReadMemory at 0x9c943fd000 of 12288 bytes failed: Somente uma parte de um pedido ReadProcessMemory ou WriteProcessMemory foi concluída. (0x12B)
[0628/120415.481:ERROR:process_memory_win.cc(73)] ReadMemory at 0x9c95bfd000 of 12288 bytes failed: Somente uma parte de um pedido ReadProcessMemory ou WriteProcessMemory foi concluída. (0x12B)
[0628/120415.481:ERROR:process_memory_win.cc(73)] ReadMemory at 0x9c8fbfc000 of 16384 bytes failed: Somente uma parte de um pedido ReadProcessMemory ou WriteProcessMemory foi concluída. (0x12B)
[0628/120415.481:ERROR:process_memory_win.cc(73)] ReadMemory at 0x9c953fc000 of 16384 bytes failed: Somente uma parte de um pedido ReadProcessMemory ou WriteProcessMemory foi concluída. (0x12B)
[0628/120415.481:ERROR:process_memory_win.cc(73)] ReadMemory at 0x9c94bfe000 of 8192 bytes failed: Somente uma parte de um pedido ReadProcessMemory ou WriteProcessMemory foi concluída. (0x12B)
[0628/120415.497:ERROR:process_memory_win.cc(73)] ReadMemory at 0x9c8e2e4000 of 852 bytes failed: Somente uma parte de um pedido ReadProcessMemory ou WriteProcessMemory foi concluída. (0x12B)
[0628/120415.497:ERROR:process_memory_win.cc(73)] ReadMemory at 0x9c8e2e5000 of 6024 bytes failed: Somente uma parte de um pedido ReadProcessMemory ou WriteProcessMemory foi concluída. (0x12B)
[0628/120415.497:ERROR:process_memory_win.cc(73)] ReadMemory at 0x9c8e2e7000 of 6024 bytes failed: Somente uma parte de um pedido ReadProcessMemory ou WriteProcessMemory foi concluída. (0x12B)
[0628/120415.497:ERROR:process_memory_win.cc(73)] ReadMemory at 0x9c8e2eb000 of 6024 bytes failed: Somente uma parte de um pedido ReadProcessMemory ou WriteProcessMemory foi concluída. (0x12B)
[0628/120415.497:ERROR:process_memory_win.cc(73)] ReadMemory at 0x9c8e2ed000 of 6024 bytes failed: Somente uma parte de um pedido ReadProcessMemory ou WriteProcessMemory foi concluída. (0x12B)
[0628/120415.497:ERROR:process_memory_win.cc(73)] ReadMemory at 0x9c8e2ef000 of 6024 bytes failed: Somente uma parte de um pedido ReadProcessMemory ou WriteProcessMemory foi concluída. (0x12B)
[0628/120415.497:ERROR:process_memory_win.cc(73)] ReadMemory at 0x9c8e2f1000 of 6024 bytes failed: Somente uma parte de um pedido ReadProcessMemory ou WriteProcessMemory foi concluída. (0x12B)
[0628/120415.497:ERROR:process_memory_win.cc(73)] ReadMemory at 0x9c8e2f3000 of 6024 bytes failed: Somente uma parte de um pedido ReadProcessMemory ou WriteProcessMemory foi concluída. (0x12B)
[0628/120415.497:ERROR:process_memory_win.cc(73)] ReadMemory at 0x9c8e2f5000 of 6024 bytes failed: Somente uma parte de um pedido ReadProcessMemory ou WriteProcessMemory foi concluída. (0x12B)
[0628/120415.497:ERROR:process_memory_win.cc(73)] ReadMemory at 0x9c8e2f7000 of 6024 bytes failed: Somente uma parte de um pedido ReadProcessMemory ou WriteProcessMemory foi concluída. (0x12B)
[0628/120415.497:ERROR:process_memory_win.cc(73)] ReadMemory at 0x9c8e2f9000 of 6024 bytes failed: Somente uma parte de um pedido ReadProcessMemory ou WriteProcessMemory foi concluída. (0x12B)
[0628/120415.497:ERROR:process_memory_win.cc(73)] ReadMemory at 0x9c8e301000 of 6024 bytes failed: Somente uma parte de um pedido ReadProcessMemory ou WriteProcessMemory foi concluída. (0x12B)
[0628/120415.497:ERROR:process_memory_win.cc(73)] ReadMemory at 0x9c8e307000 of 6024 bytes failed: Somente uma parte de um pedido ReadProcessMemory ou WriteProcessMemory foi concluída. (0x12B)
[0628/120415.497:ERROR:process_memory_win.cc(73)] ReadMemory at 0x9c8e361000 of 6024 bytes failed: Somente uma parte de um pedido ReadProcessMemory ou WriteProcessMemory foi concluída. (0x12B)
[0628/120415.497:ERROR:process_memory_win.cc(73)] ReadMemory at 0x9c8e367000 of 6024 bytes failed: Somente uma parte de um pedido ReadProcessMemory ou WriteProcessMemory foi concluída. (0x12B)
[0628/120415.497:ERROR:process_memory_win.cc(73)] ReadMemory at 0x9c8e369000 of 6024 bytes failed: Somente uma parte de um pedido ReadProcessMemory ou WriteProcessMemory foi concluída. (0x12B)
[0628/120415.497:ERROR:process_memory_win.cc(73)] ReadMemory at 0x2815bb50fe0 of 17980 bytes failed: Somente uma parte de um pedido ReadProcessMemory ou WriteProcessMemory foi concluída. (0x12B)
[0628/120415.497:ERROR:process_memory_win.cc(73)] ReadMemory at 0x2815bb55630 of 1012 bytes failed: Somente uma parte de um pedido ReadProcessMemory ou WriteProcessMemory foi concluída. (0x12B)
[0628/120415.497:ERROR:process_memory_win.cc(73)] ReadMemory at 0x2815bb55c78 of 118 bytes failed: Somente uma parte de um pedido ReadProcessMemory ou WriteProcessMemory foi concluída. (0x12B)
[0628/120415.497:ERROR:process_memory_win.cc(73)] ReadMemory at 0x2815bb55cf0 of 774 bytes failed: Somente uma parte de um pedido ReadProcessMemory ou WriteProcessMemory foi concluída. (0x12B)
[0628/120415.497:ERROR:process_memory_win.cc(73)] ReadMemory at 0x2815bb55ff8 of 118 bytes failed: Somente uma parte de um pedido ReadProcessMemory ou WriteProcessMemory foi concluída. (0x12B)
[0628/120415.560:ERROR:process_memory_win.cc(73)] ReadMemory at 0x2815bb56070 of 96 bytes failed: Somente uma parte de um pedido ReadProcessMemory ou WriteProcessMemory foi concluída. (0x12B)
[0628/120415.560:ERROR:process_memory_win.cc(73)] ReadMemory at 0x2815bb560e0 of 58 bytes failed: Somente uma parte de um pedido ReadProcessMemory ou WriteProcessMemory foi concluída. (0x12B)
[0628/120415.560:ERROR:process_memory_win.cc(73)] ReadMemory at 0x2815bb561e0 of 132 bytes failed: Somente uma parte de um pedido ReadProcessMemory ou WriteProcessMemory foi concluída. (0x12B)
[0628/120415.560:ERROR:process_memory_win.cc(73)] ReadMemory at 0x2815bb56370 of 132 bytes failed: Somente uma parte de um pedido ReadProcessMemory ou WriteProcessMemory foi concluída. (0x12B)
[0628/120415.560:ERROR:process_memory_win.cc(73)] ReadMemory at 0x2815bb56530 of 126 bytes failed: Somente uma parte de um pedido ReadProcessMemory ou WriteProcessMemory foi concluída. (0x12B)
[0628/120415.700:ERROR:process_memory_win.cc(73)] ReadMemory at 0x2815bb56910 of 132 bytes failed: Somente uma parte de um pedido ReadProcessMemory ou WriteProcessMemory foi concluída. (0x12B)
[0628/120415.700:ERROR:process_memory_win.cc(73)] ReadMemory at 0x2815bb56aa0 of 64 bytes failed: Somente uma parte de um pedido ReadProcessMemory ou WriteProcessMemory foi concluída. (0x12B)
[0628/120415.700:ERROR:process_memory_win.cc(73)] ReadMemory at 0x2815bb56c60 of 132 bytes failed: Somente uma parte de um pedido ReadProcessMemory ou WriteProcessMemory foi concluída. (0x12B)
[0628/120415.700:ERROR:process_memory_win.cc(73)] ReadMemory at 0x2815bb56f00 of 132 bytes failed: Somente uma parte de um pedido ReadProcessMemory ou WriteProcessMemory foi concluída. (0x12B)
[0628/120415.700:ERROR:process_memory_win.cc(73)] ReadMemory at 0x2815bb57090 of 68 bytes failed: Somente uma parte de um pedido ReadProcessMemory ou WriteProcessMemory foi concluída. (0x12B)
[0628/120415.700:ERROR:process_memory_win.cc(73)] ReadMemory at 0x2815bb58160 of 132 bytes failed: Somente uma parte de um pedido ReadProcessMemory ou WriteProcessMemory foi concluída. (0x12B)
[0628/120415.700:ERROR:process_memory_win.cc(73)] ReadMemory at 0x2815bb582f0 of 154 bytes failed: Somente uma parte de um pedido ReadProcessMemory ou WriteProcessMemory foi concluída. (0x12B)
[0628/120415.700:ERROR:process_memory_win.cc(73)] ReadMemory at 0x2815bb591a0 of 62 bytes failed: Somente uma parte de um pedido ReadProcessMemory ou WriteProcessMemory foi concluída. (0x12B)
[0628/120415.700:ERROR:process_memory_win.cc(73)] ReadMemory at 0x2815bb591f0 of 146 bytes failed: Somente uma parte de um pedido ReadProcessMemory ou WriteProcessMemory foi concluída. (0x12B)
[0628/120415.700:ERROR:process_memory_win.cc(73)] ReadMemory at 0x2815bb592d0 of 132 bytes failed: Somente uma parte de um pedido ReadProcessMemory ou WriteProcessMemory foi concluída. (0x12B)
[0628/120415.700:ERROR:process_memory_win.cc(73)] ReadMemory at 0x2815bb59460 of 60 bytes failed: Somente uma parte de um pedido ReadProcessMemory ou WriteProcessMemory foi concluída. (0x12B)
[0628/120415.700:ERROR:process_memory_win.cc(73)] ReadMemory at 0x2815bb59ec0 of 132 bytes failed: Somente uma parte de um pedido ReadProcessMemory ou WriteProcessMemory foi concluída. (0x12B)
[0628/120415.700:ERROR:process_memory_win.cc(73)] ReadMemory at 0x2815bb5b9b0 of 132 bytes failed: Somente uma parte de um pedido ReadProcessMemory ou WriteProcessMemory foi concluída. (0x12B)
[0628/120415.700:ERROR:process_memory_win.cc(73)] ReadMemory at 0x2815bb5bbd0 of 132 bytes failed: Somente uma parte de um pedido ReadProcessMemory ou WriteProcessMemory foi concluída. (0x12B)
[0628/120415.700:ERROR:process_memory_win.cc(73)] ReadMemory at 0x2815bb5e500 of 132 bytes failed: Somente uma parte de um pedido ReadProcessMemory ou WriteProcessMemory foi concluída. (0x12B)
[0628/120415.700:ERROR:process_memory_win.cc(73)] ReadMemory at 0x2815bb5e630 of 132 bytes failed: Somente uma parte de um pedido ReadProcessMemory ou WriteProcessMemory foi concluída. (0x12B)
[0628/120415.700:ERROR:process_memory_win.cc(73)] ReadMemory at 0x2815bb5e7c0 of 80 bytes failed: Somente uma parte de um pedido ReadProcessMemory ou WriteProcessMemory foi concluída. (0x12B)
[0628/120415.700:ERROR:process_memory_win.cc(73)] ReadMemory at 0x2815bb5ea50 of 64 bytes failed: Somente uma parte de um pedido ReadProcessMemory ou WriteProcessMemory foi concluída. (0x12B)
[0628/120415.700:ERROR:process_memory_win.cc(73)] ReadMemory at 0x2815bb5ebe0 of 60 bytes failed: Somente uma parte de um pedido ReadProcessMemory ou WriteProcessMemory foi concluída. (0x12B)
[0628/120415.700:ERROR:process_memory_win.cc(73)] ReadMemory at 0x2815bb5ec30 of 64 bytes failed: Somente uma parte de um pedido ReadProcessMemory ou WriteProcessMemory foi concluída. (0x12B)
[0628/120415.700:ERROR:process_memory_win.cc(73)] ReadMemory at 0x2815bb5ec80 of 66 bytes failed: Somente uma parte de um pedido ReadProcessMemory ou WriteProcessMemory foi concluída. (0x12B)
[0628/120415.700:ERROR:process_memory_win.cc(73)] ReadMemory at 0x2815bb5ecd0 of 64 bytes failed: Somente uma parte de um pedido ReadProcessMemory ou WriteProcessMemory foi concluída. (0x12B)
[0628/120415.700:ERROR:process_memory_win.cc(73)] ReadMemory at 0x2815bb5ed20 of 62 bytes failed: Somente uma parte de um pedido ReadProcessMemory ou WriteProcessMemory foi concluída. (0x12B)
[0628/120415.700:ERROR:process_memory_win.cc(73)] ReadMemory at 0x2815bb5ed70 of 64 bytes failed: Somente uma parte de um pedido ReadProcessMemory ou WriteProcessMemory foi concluída. (0x12B)
[0628/120415.700:ERROR:process_memory_win.cc(73)] ReadMemory at 0x2815bb5ef00 of 60 bytes failed: Somente uma parte de um pedido ReadProcessMemory ou WriteProcessMemory foi concluída. (0x12B)
[0628/120415.763:ERROR:process_memory_win.cc(73)] ReadMemory at 0x2815bb5f040 of 62 bytes failed: Somente uma parte de um pedido ReadProcessMemory ou WriteProcessMemory foi concluída. (0x12B)
[0628/120415.763:ERROR:process_memory_win.cc(73)] ReadMemory at 0x2815bb5f7b0 of 54 bytes failed: Somente uma parte de um pedido ReadProcessMemory ou WriteProcessMemory foi concluída. (0x12B)
[0628/120415.763:ERROR:process_memory_win.cc(73)] ReadMemory at 0x2815bb61fa0 of 132 bytes failed: Somente uma parte de um pedido ReadProcessMemory ou WriteProcessMemory foi concluída. (0x12B)
[0628/120415.763:ERROR:process_memory_win.cc(73)] ReadMemory at 0x2815bb620d0 of 132 bytes failed: Somente uma parte de um pedido ReadProcessMemory ou WriteProcessMemory foi concluída. (0x12B)
[0628/120415.841:ERROR:process_memory_win.cc(73)] ReadMemory at 0x2815bb62200 of 132 bytes failed: Somente uma parte de um pedido ReadProcessMemory ou WriteProcessMemory foi concluída. (0x12B)
[0628/120415.841:ERROR:process_memory_win.cc(73)] ReadMemory at 0x2815bb62330 of 132 bytes failed: Somente uma parte de um pedido ReadProcessMemory ou WriteProcessMemory foi concluída. (0x12B)
[0628/120415.841:ERROR:process_memory_win.cc(73)] ReadMemory at 0x2815bb62460 of 132 bytes failed: Somente uma parte de um pedido ReadProcessMemory ou WriteProcessMemory foi concluída. (0x12B)
[0628/120415.841:ERROR:process_memory_win.cc(73)] ReadMemory at 0x2815bb62590 of 132 bytes failed: Somente uma parte de um pedido ReadProcessMemory ou WriteProcessMemory foi concluída. (0x12B)
[0628/120415.903:ERROR:process_memory_win.cc(73)] ReadMemory at 0x2815bb626c0 of 132 bytes failed: Somente uma parte de um pedido ReadProcessMemory ou WriteProcessMemory foi concluída. (0x12B)
[0628/120415.997:ERROR:process_memory_win.cc(73)] ReadMemory at 0x2815bb627f0 of 132 bytes failed: Somente uma parte de um pedido ReadProcessMemory ou WriteProcessMemory foi concluída. (0x12B)
[0628/120415.997:ERROR:process_memory_win.cc(73)] ReadMemory at 0x2815bb62a50 of 132 bytes failed: Somente uma parte de um pedido ReadProcessMemory ou WriteProcessMemory foi concluída. (0x12B)
[0628/120415.997:ERROR:process_memory_win.cc(73)] ReadMemory at 0x2815bb62b80 of 132 bytes failed: Somente uma parte de um pedido ReadProcessMemory ou WriteProcessMemory foi concluída. (0x12B)
[0628/120415.997:ERROR:process_memory_win.cc(73)] ReadMemory at 0x2815bb62cb0 of 132 bytes failed: Somente uma parte de um pedido ReadProcessMemory ou WriteProcessMemory foi concluída. (0x12B)
[0628/120415.997:ERROR:process_memory_win.cc(73)] ReadMemory at 0x2815bb62de0 of 132 bytes failed: Somente uma parte de um pedido ReadProcessMemory ou WriteProcessMemory foi concluída. (0x12B)
[0628/120415.997:ERROR:process_memory_win.cc(73)] ReadMemory at 0x2815bb62fb0 of 80 bytes failed: Somente uma parte de um pedido ReadProcessMemory ou WriteProcessMemory foi concluída. (0x12B)
[0628/120415.997:ERROR:process_memory_win.cc(73)] ReadMemory at 0x2815bb63df0 of 76 bytes failed: Somente uma parte de um pedido ReadProcessMemory ou WriteProcessMemory foi concluída. (0x12B)
[0628/120415.997:ERROR:process_memory_win.cc(73)] ReadMemory at 0x2815bb643e0 of 132 bytes failed: Somente uma parte de um pedido ReadProcessMemory ou WriteProcessMemory foi concluída. (0x12B)
[0628/120415.997:ERROR:process_memory_win.cc(73)] ReadMemory at 0x2815bb65dc0 of 132 bytes failed: Somente uma parte de um pedido ReadProcessMemory ou WriteProcessMemory foi concluída. (0x12B)
[0628/120415.997:ERROR:process_memory_win.cc(73)] ReadMemory at 0x2815bb67950 of 132 bytes failed: Somente uma parte de um pedido ReadProcessMemory ou WriteProcessMemory foi concluída. (0x12B)
[0628/120415.997:ERROR:process_memory_win.cc(73)] ReadMemory at 0x2815bb69ca0 of 132 bytes failed: Somente uma parte de um pedido ReadProcessMemory ou WriteProcessMemory foi concluída. (0x12B)
[0628/120415.997:ERROR:process_memory_win.cc(73)] ReadMemory at 0x2815bb69fc0 of 62 bytes failed: Somente uma parte de um pedido ReadProcessMemory ou WriteProcessMemory foi concluída. (0x12B)
[0628/120415.997:ERROR:process_memory_win.cc(73)] ReadMemory at 0x2815bb6a100 of 60 bytes failed: Somente uma parte de um pedido ReadProcessMemory ou WriteProcessMemory foi concluída. (0x12B)
[0628/120415.997:ERROR:process_memory_win.cc(73)] ReadMemory at 0x2815bb6a150 of 60 bytes failed: Somente uma parte de um pedido ReadProcessMemory ou WriteProcessMemory foi concluída. (0x12B)
[0628/120415.997:ERROR:process_memory_win.cc(73)] ReadMemory at 0x2815bb6a1a0 of 64 bytes failed: Somente uma parte de um pedido ReadProcessMemory ou WriteProcessMemory foi concluída. (0x12B)
[0628/120415.997:ERROR:process_memory_win.cc(73)] ReadMemory at 0x2815bb6a1f0 of 62 bytes failed: Somente uma parte de um pedido ReadProcessMemory ou WriteProcessMemory foi concluída. (0x12B)
[0628/120415.997:ERROR:process_memory_win.cc(73)] ReadMemory at 0x2815bb6a290 of 64 bytes failed: Somente uma parte de um pedido ReadProcessMemory ou WriteProcessMemory foi concluída. (0x12B)
[0628/120415.997:ERROR:process_memory_win.cc(73)] ReadMemory at 0x2815bb6a2e0 of 62 bytes failed: Somente uma parte de um pedido ReadProcessMemory ou WriteProcessMemory foi concluída. (0x12B)
[0628/120415.997:ERROR:process_memory_win.cc(73)] ReadMemory at 0x2815bb6a650 of 62 bytes failed: Somente uma parte de um pedido ReadProcessMemory ou WriteProcessMemory foi concluída. (0x12B)
[0628/120415.997:ERROR:process_memory_win.cc(73)] ReadMemory at 0x2815bb6a790 of 66 bytes failed: Somente uma parte de um pedido ReadProcessMemory ou WriteProcessMemory foi concluída. (0x12B)
[0628/120415.997:ERROR:process_memory_win.cc(73)] ReadMemory at 0x2815bb6a920 of 62 bytes failed: Somente uma parte de um pedido ReadProcessMemory ou WriteProcessMemory foi concluída. (0x12B)
[0628/120415.997:ERROR:process_memory_win.cc(73)] ReadMemory at 0x2815bb6a9c0 of 62 bytes failed: Somente uma parte de um pedido ReadProcessMemory ou WriteProcessMemory foi concluída. (0x12B)
[0628/120415.997:ERROR:process_memory_win.cc(73)] ReadMemory at 0x2815bb6aa10 of 62 bytes failed: Somente uma parte de um pedido ReadProcessMemory ou WriteProcessMemory foi concluída. (0x12B)
[0628/120415.997:ERROR:process_memory_win.cc(73)] ReadMemory at 0x2815bb6aa60 of 62 bytes failed: Somente uma parte de um pedido ReadProcessMemory ou WriteProcessMemory foi concluída. (0x12B)
[0628/120415.997:ERROR:process_memory_win.cc(73)] ReadMemory at 0x2815bb6aab0 of 64 bytes failed: Somente uma parte de um pedido ReadProcessMemory ou WriteProcessMemory foi concluída. (0x12B)
[0628/120415.997:ERROR:process_memory_win.cc(73)] ReadMemory at 0x2815bb6aba0 of 60 bytes failed: Somente uma parte de um pedido ReadProcessMemory ou WriteProcessMemory foi concluída. (0x12B)
[0628/120415.997:ERROR:process_memory_win.cc(73)] ReadMemory at 0x2815bb6abf0 of 64 bytes failed: Somente uma parte de um pedido ReadProcessMemory ou WriteProcessMemory foi concluída. (0x12B)
[0628/120415.997:ERROR:process_memory_win.cc(73)] ReadMemory at 0x2815bb6ace0 of 60 bytes failed: Somente uma parte de um pedido ReadProcessMemory ou WriteProcessMemory foi concluída. (0x12B)
[0628/120415.997:ERROR:process_memory_win.cc(73)] ReadMemory at 0x2815bb6ad80 of 58 bytes failed: Somente uma parte de um pedido ReadProcessMemory ou WriteProcessMemory foi concluída. (0x12B)
[0628/120415.997:ERROR:process_memory_win.cc(73)] ReadMemory at 0x2815bb6b490 of 132 bytes failed: Somente uma parte de um pedido ReadProcessMemory ou WriteProcessMemory foi concluída. (0x12B)
[0628/120415.997:ERROR:process_memory_win.cc(73)] ReadMemory at 0x2815bb6b950 of 132 bytes failed: Somente uma parte de um pedido ReadProcessMemory ou WriteProcessMemory foi concluída. (0x12B)
[0628/120415.997:ERROR:process_memory_win.cc(73)] ReadMemory at 0x2815bb6ba80 of 132 bytes failed: Somente uma parte de um pedido ReadProcessMemory ou WriteProcessMemory foi concluída. (0x12B)
[0628/120415.997:ERROR:process_memory_win.cc(73)] ReadMemory at 0x2815bb6be10 of 132 bytes failed: Somente uma parte de um pedido ReadProcessMemory ou WriteProcessMemory foi concluída. (0x12B)
[0628/120416.059:ERROR:process_memory_win.cc(73)] ReadMemory at 0x2815bb6c070 of 132 bytes failed: Somente uma parte de um pedido ReadProcessMemory ou WriteProcessMemory foi concluída. (0x12B)
[0628/120416.059:ERROR:process_memory_win.cc(73)] ReadMemory at 0x2815bb6c2d0 of 132 bytes failed: Somente uma parte de um pedido ReadProcessMemory ou WriteProcessMemory foi concluída. (0x12B)
[0628/120416.059:ERROR:process_memory_win.cc(73)] ReadMemory at 0x2815bb6c400 of 132 bytes failed: Somente uma parte de um pedido ReadProcessMemory ou WriteProcessMemory foi concluída. (0x12B)
[0628/120416.059:ERROR:process_memory_win.cc(73)] ReadMemory at 0x2815bb6c530 of 132 bytes failed: Somente uma parte de um pedido ReadProcessMemory ou WriteProcessMemory foi concluída. (0x12B)
[0628/120416.059:ERROR:process_memory_win.cc(73)] ReadMemory at 0x2815bb6c660 of 132 bytes failed: Somente uma parte de um pedido ReadProcessMemory ou WriteProcessMemory foi concluída. (0x12B)
[0628/120416.059:ERROR:process_memory_win.cc(73)] ReadMemory at 0x2815bb6c8c0 of 132 bytes failed: Somente uma parte de um pedido ReadProcessMemory ou WriteProcessMemory foi concluída. (0x12B)
[0628/120416.091:ERROR:process_memory_win.cc(73)] ReadMemory at 0x2815bb6c9f0 of 132 bytes failed: Somente uma parte de um pedido ReadProcessMemory ou WriteProcessMemory foi concluída. (0x12B)
[0628/120416.091:ERROR:process_memory_win.cc(73)] ReadMemory at 0x2815bb6cf10 of 512 bytes failed: Somente uma parte de um pedido ReadProcessMemory ou WriteProcessMemory foi concluída. (0x12B)
[0628/120416.091:ERROR:process_memory_win.cc(73)] ReadMemory at 0x2815bb85770 of 512 bytes failed: Somente uma parte de um pedido ReadProcessMemory ou WriteProcessMemory foi concluída. (0x12B)
[0628/120416.091:ERROR:process_memory_win.cc(73)] ReadMemory at 0x2815bd80ca0 of 896 bytes failed: Somente uma parte de um pedido ReadProcessMemory ou WriteProcessMemory foi concluída. (0x12B)
[0628/120416.091:ERROR:process_memory_win.cc(73)] ReadMemory at 0x2815c6fbcf0 of 712 bytes failed: Somente uma parte de um pedido ReadProcessMemory ou WriteProcessMemory foi concluída. (0x12B)
[0628/120416.091:ERROR:process_memory_win.cc(73)] ReadMemory at 0x2815c700ac0 of 512 bytes failed: Somente uma parte de um pedido ReadProcessMemory ou WriteProcessMemory foi concluída. (0x12B)
[0628/120416.091:ERROR:process_memory_win.cc(73)] ReadMemory at 0x2815c72cc80 of 512 bytes failed: Somente uma parte de um pedido ReadProcessMemory ou WriteProcessMemory foi concluída. (0x12B)
[0628/120416.091:ERROR:process_memory_win.cc(73)] ReadMemory at 0x2815c744340 of 512 bytes failed: Somente uma parte de um pedido ReadProcessMemory ou WriteProcessMemory foi concluída. (0x12B)
[0628/120416.091:ERROR:process_memory_win.cc(73)] ReadMemory at 0x2815c780ad0 of 512 bytes failed: Somente uma parte de um pedido ReadProcessMemory ou WriteProcessMemory foi concluída. (0x12B)
[0628/120416.091:ERROR:process_memory_win.cc(73)] ReadMemory at 0x2815c850000 of 384 bytes failed: Somente uma parte de um pedido ReadProcessMemory ou WriteProcessMemory foi concluída. (0x12B)
[0628/120416.091:ERROR:process_memory_win.cc(73)] ReadMemory at 0x2815de05f10 of 512 bytes failed: Somente uma parte de um pedido ReadProcessMemory ou WriteProcessMemory foi concluída. (0x12B)
[0628/120416.091:ERROR:process_memory_win.cc(73)] ReadMemory at 0x2815f9545f0 of 560 bytes failed: Somente uma parte de um pedido ReadProcessMemory ou WriteProcessMemory foi concluída. (0x12B)
[0628/120416.091:ERROR:process_memory_win.cc(73)] ReadMemory at 0x2816424bec0 of 320 bytes failed: Somente uma parte de um pedido ReadProcessMemory ou WriteProcessMemory foi concluída. (0x12B)
[0628/120416.091:ERROR:process_memory_win.cc(73)] ReadMemory at 0x28167315120 of 512 bytes failed: Somente uma parte de um pedido ReadProcessMemory ou WriteProcessMemory foi concluída. (0x12B)
[0628/120416.091:ERROR:process_memory_win.cc(73)] ReadMemory at 0x1f8608f6cbfd of 512 bytes failed: Somente uma parte de um pedido ReadProcessMemory ou WriteProcessMemory foi concluída. (0x12B)
[0628/120416.091:ERROR:process_memory_win.cc(73)] ReadMemory at 0x7ffe717ff065 of 512 bytes failed: Somente uma parte de um pedido ReadProcessMemory ou WriteProcessMemory foi concluída. (0x12B)
[0628/120416.091:ERROR:process_memory_win.cc(73)] ReadMemory at 0x7ffe763dbaf0 of 512 bytes failed: Somente uma parte de um pedido ReadProcessMemory ou WriteProcessMemory foi concluída. (0x12B)
[0628/120416.091:ERROR:process_memory_win.cc(73)] ReadMemory at 0x7ffe769dcd68 of 512 bytes failed: Somente uma parte de um pedido ReadProcessMemory ou WriteProcessMemory foi concluída. (0x12B)
[0628/120416.091:ERROR:process_memory_win.cc(73)] ReadMemory at 0x7ffe771ac9c8 of 512 bytes failed: Somente uma parte de um pedido ReadProcessMemory ou WriteProcessMemory foi concluída. (0x12B)
[0628/120416.091:ERROR:process_memory_win.cc(73)] ReadMemory at 0x7ffeb2bb79a5 of 512 bytes failed: Somente uma parte de um pedido ReadProcessMemory ou WriteProcessMemory foi concluída. (0x12B)
[0628/120416.091:ERROR:process_memory_win.cc(73)] ReadMemory at 0x7ffeb2bb8180 of 512 bytes failed: Somente uma parte de um pedido ReadProcessMemory ou WriteProcessMemory foi concluída. (0x12B)
[0628/120416.106:ERROR:process_memory_win.cc(73)] ReadMemory at 0x7ffecaa7c074 of 672 bytes failed: Somente uma parte de um pedido ReadProcessMemory ou WriteProcessMemory foi concluída. (0x12B)
[0628/120416.106:ERROR:process_memory_win.cc(73)] ReadMemory at 0x7ffecaa7f924 of 608 bytes failed: Somente uma parte de um pedido ReadProcessMemory ou WriteProcessMemory foi concluída. (0x12B)
[0628/120416.106:ERROR:process_memory_win.cc(73)] ReadMemory at 0x7ffecab0c428 of 18 bytes failed: Somente uma parte de um pedido ReadProcessMemory ou WriteProcessMemory foi concluída. (0x12B)
[0628/120416.106:ERROR:process_memory_win.cc(73)] ReadMemory at 0x7ffecab3f4f8 of 40 bytes failed: Somente uma parte de um pedido ReadProcessMemory ou WriteProcessMemory foi concluída. (0x12B)
[0628/120416.184:ERROR:process_memory_win.cc(73)] ReadMemory at 0x7ffecab3f978 of 48 bytes failed: Somente uma parte de um pedido ReadProcessMemory ou WriteProcessMemory foi concluída. (0x12B)
[0628/120416.216:ERROR:process_memory_win.cc(73)] ReadMemory at 0x7ffecab453c0 of 64 bytes failed: Somente uma parte de um pedido ReadProcessMemory ou WriteProcessMemory foi concluída. (0x12B)
[0628/120416.247:ERROR:scoped_process_suspend.cc(40)] NtResumeProcess: Tentou-se acessar um processo de saída. (0xc000010a)
